ptr-lib/build/outputs/logs/manifest-merger-debug-report.txt
-- Merging decision tree log ---
manifest
ADDED from expo_android\ptr-lib\AndroidManifest.xml:2:1-7:12
INJECTED from expo_android\ptr-lib\AndroidManifest.xml:2:1-7:12
INJECTED from expo_android\ptr-lib\AndroidManifest.xml:2:1-7:12
INJECTED from expo_android\ptr-lib\AndroidManifest.xml:2:1-7:12
INJECTED from expo_android\ptr-lib\AndroidManifest.xml:2:1-7:12
INJECTED from expo_android\ptr-lib\AndroidManifest.xml:2:1-7:12
INJECTED from expo_android\ptr-lib\AndroidManifest.xml:2:1-7:12
	package
		ADDED from expo_android\ptr-lib\AndroidManifest.xml:3:5-38
		INJECTED from expo_android\ptr-lib\AndroidManifest.xml
		INJECTED from expo_android\ptr-lib\AndroidManifest.xml
	android:versionName
		ADDED from expo_android\ptr-lib\AndroidManifest.xml:5:5-30
		INJECTED from expo_android\ptr-lib\AndroidManifest.xml
		INJECTED from expo_android\ptr-lib\AndroidManifest.xml
	xmlns:android
		ADDED from expo_android\ptr-lib\AndroidManifest.xml:2:11-69
	android:versionCode
		ADDED from expo_android\ptr-lib\AndroidManifest.xml:4:5-28
		INJECTED from expo_android\ptr-lib\AndroidManifest.xml
		INJECTED from expo_android\ptr-lib\AndroidManifest.xml
application
ADDED from expo_android\ptr-lib\AndroidManifest.xml:6:5-20
uses-sdk
INJECTED from expo_android\ptr-lib\AndroidManifest.xml reason: use-sdk injection requested
INJECTED from expo_android\ptr-lib\AndroidManifest.xml
INJECTED from expo_android\ptr-lib\AndroidManifest.xml
INJECTED from expo_android\ptr-lib\AndroidManifest.xml
INJECTED from expo_android\ptr-lib\AndroidManifest.xml
	android:targetSdkVersion
		INJECTED from expo_android\ptr-lib\AndroidManifest.xml
		ADDED from expo_android\ptr-lib\AndroidManifest.xml
		INJECTED from expo_android\ptr-lib\AndroidManifest.xml
	android:minSdkVersion
		INJECTED from expo_android\ptr-lib\AndroidManifest.xml
		ADDED from expo_android\ptr-lib\AndroidManifest.xml
		INJECTED from expo_android\ptr-lib\AndroidManifest.xml